INFO:root:An INFO
WARNING:root:A WARNING
ERROR:root:An ERROR
CRITICAL:root:A message of CRITICAL severity
INFO:root:i live in a house near the mountains i have two brothers and one sister and i was born last my father teaches mathematics and my mother is a nurse at a big hospital my brothers are very smart and work hard in school my sister is a nervous girl but she is very kind my grandmother also lives with us she came from italy when i was two years old she has grown old but she is still very strong she cooks the best foodmy family is very important to me we do lots of things together my brothers and i like to go on long walks in the mountains my sister likes to cook with my grandmother on the weekends we all play board games together we laugh and always have a good time i love my family very much
INFO:root: TEXT LEMMATIZED ['i', 'live', 'in', 'a', 'house', 'near', 'the', 'mountain', 'i', 'have', 'two', 'brother', 'and', 'one', 'sister', 'and', 'i', 'wa', 'born', 'last', 'my', 'father', 'teach', 'mathematics', 'and', 'my', 'mother', 'is', 'a', 'nurse', 'at', 'a', 'big', 'hospital', 'my', 'brother', 'are', 'very', 'smart', 'and', 'work', 'hard', 'in', 'school', 'my', 'sister', 'is', 'a', 'nervous', 'girl', 'but', 'she', 'is', 'very', 'kind', 'my', 'grandmother', 'also', 'life', 'with', 'u', 'she', 'came', 'from', 'italy', 'when', 'i', 'wa', 'two', 'year', 'old', 'she', 'ha', 'grown', 'old', 'but', 'she', 'is', 'still', 'very', 'strong', 'she', 'cook', 'the', 'best', 'foodmy', 'family', 'is', 'very', 'important', 'to', 'me', 'we', 'do', 'lot', 'of', 'thing', 'together', 'my', 'brother', 'and', 'i', 'like', 'to', 'go', 'on', 'long', 'walk', 'in', 'the', 'mountain', 'my', 'sister', 'like', 'to', 'cook', 'with', 'my', 'grandmother', 'on', 'the', 'weekend', 'we', 'all', 'play', 'board', 'game', 'together', 'we', 'laugh', 'and', 'always', 'have', 'a', 'good', 'time', 'i', 'love', 'my', 'family', 'very', 'much']
INFO:root: ENTITIES []
INFO:root: I. GENERAL STATISTICS. 1. THE NUMBER OF SENTENCES 16
INFO:root: I. GENERAL STATISTICS. 2. THE NUMBER OF WORDS 142
INFO:root: I. GENERAL STATISTICS. 3. THE NUMBER OF WORDS WITHOUT STOPWORDS 72
INFO:root: I. GENERAL STATISTICS. 4. THE AVERAGE NUMBER OF WORDS IN THE SENTENCE 8.88
INFO:root: I. GENERAL STATISTICS. 5. THE AVERAGE NUMBER OF WORDS (WITHOUR STOPWORDS) IN THE SENTENCE 4.5
INFO:root: I. GENERAL STATISTICS {'Sentences': 16, 'Words': 142, 'Words without stopwords': 72, 'Words per sentence': 8.88, 'Words without stopwords per sentence': 4.5}
INFO:root: II. PHONOLOGICAL LEVEL. 1. THE NUMBER OF SYLLABLES IN THE TEXT 109
INFO:root: II. PHONOLOGICAL LEVEL. 2. THE AVERAGE NUMBER OF SYLLABLES IN THE WORD 1.51
INFO:root: II. PHONOLOGICAL LEVEL. 3. THE AVERAGE NUMBER OF SYLLABLES IN THE SENTENCE 6.81
INFO:root: II. PHONOLOGICAL LEVEL. 4. THE NUMBER OF 1-SYLLABLE, 2-SYLLABLES, 3-SYLLABLES, 4-SYLLABLES{'1-syllable': 44, '2-syllables': 17, '3-syllables': 9, '4-syllables': 1, '5 and more syllables': 1}
INFO:root: II. PHONOLOGICAL LEVEL {'Syllables': 109, 'Average syllables per word': 1.51, 'Average syllables per sentences': 6.81, '1-syllable words': 44, '2-syllables words': 17, '3-syllables words': 9, '4-syllables words': 1, '5 and more syllables': 1, '1-syllable per sentence': 2.75, '2-syllables per sentence': 1.06, '3-syllables per sentence': 0.56, '4-syllables per sentence': 0.06, '5 and more syllables per sentence': 0.06}
INFO:root: III. GRAMMATICAL LEVEL. POS-TAGGING [('live', 'ADJ'), ('house', 'NOUN'), ('near', 'ADP'), ('mountain', 'NOUN'), ('two', 'NUM'), ('brother', 'NOUN'), ('one', 'NUM'), ('sister', 'NOUN'), ('wa', 'NOUN'), ('born', 'VERB'), ('last', 'ADJ'), ('father', 'NOUN'), ('teach', 'NOUN'), ('mathematics', 'NOUN'), ('mother', 'VERB'), ('nurse', 'ADJ'), ('big', 'ADJ'), ('hospital', 'NOUN'), ('brother', 'NOUN'), ('smart', 'ADJ'), ('work', 'NOUN'), ('hard', 'ADJ'), ('school', 'NOUN'), ('sister', 'ADV'), ('nervous', 'ADJ'), ('girl', 'NOUN'), ('kind', 'NOUN'), ('grandmother', 'NOUN'), ('also', 'ADV'), ('life', 'NOUN'), ('u', 'ADJ'), ('came', 'VERB'), ('italy', 'ADJ'), ('wa', 'NOUN'), ('two', 'NUM'), ('year', 'NOUN'), ('old', 'ADJ'), ('ha', 'NOUN'), ('grown', 'NOUN'), ('old', 'ADJ'), ('still', 'ADV'), ('strong', 'ADJ'), ('cook', 'NOUN'), ('best', 'ADJ'), ('foodmy', 'ADJ'), ('family', 'NOUN'), ('important', 'ADJ'), ('lot', 'NOUN'), ('thing', 'NOUN'), ('together', 'ADV'), ('brother', 'NOUN'), ('like', 'ADP'), ('go', 'VERB'), ('long', 'ADJ'), ('walk', 'NOUN'), ('mountain', 'NOUN'), ('sister', 'NOUN'), ('like', 'ADP'), ('cook', 'NOUN'), ('grandmother', 'NOUN'), ('weekend', 'NOUN'), ('play', 'VERB'), ('board', 'NOUN'), ('game', 'NOUN'), ('together', 'ADV'), ('laugh', 'ADJ'), ('always', 'ADV'), ('good', 'ADJ'), ('time', 'NOUN'), ('love', 'VERB'), ('family', 'NOUN'), ('much', 'ADV')]
INFO:root: III. GRAMMATICAL LEVEL. DATA {'Nouns': 35, 'Adjectives': 18, 'Verbs': 6, 'Adverbs': 7, 'Pronouns': 0, 'Numerals': 3, 'Functional parts of speech': 3, 'Nominativity': 0.49, 'Descriptivity': 0.25}
INFO:root: IV. LEXICAL LEVEL {'A1 words in the text': 48, 'A2 words in the text': 3, 'B1 words in the text': 1, 'B2 words in the text': 0, 'C1 words in the text': 0, 'Named Entities in the text': 0, 'A1 words per sentence': 3.0, 'A2 words per sentence': 0.19, 'B1 words per sentence': 0.06, 'B2 words per sentence': 0.0, 'C1 words per sentence': 0.0, 'Named Entities per sentence': 0.0, 'A1 collocations in the text': 4, 'A2 collocations in the text': 0, 'B1 collocations in the text': 0, 'B2 collocations in the text': 0, 'C1 collocations in the text': 0, 'A1 collocations per sentence': 0.25, 'A2 collocations per sentence': 0.0, 'B1 collocations per sentence': 0.0, 'B2 collocations per sentence': 0.0, 'C1 collocations per sentence': 0.0, 'TTR (Type Token Ratio)': 0.16, 'RTTR (Root Type Token Ratio)': 1.93, 'CTTR (Corrected Type Token Ratio)': 1.36}
INFO:root: V. STATISTICAL METRICS {'Flesh Reading Ease (FRE)': 132.89, 'Flesh Kincaid Grade Level (FKGL)': -3.07, 'LIX': 16.62, 'SMOG': 6.32}
INFO:root: TOPIC MODELING {'science_and_technology': 16, 'people': 14, 'sports': 10, 'time_and_space': 6, 'notions': 5}
INFO:root: TOP 5 THE MOST COMMON TOPICS ['science_and_technology', 'people', 'sports', 'time_and_space', 'notions']
INFO:root: TIME SCRIPT: 0.00791670000035083 SEC 
